2025-11-02T13:52:32.818+01:00  INFO 31220 --- [pricing-service] [main] i.p.i.a.i.PriceControllerIntegrationTest : Starting PriceControllerIntegrationTest using Java 21.0.6 with PID 31220 (started by rafae in /Users/rafae/Documents/Empresas/BCNC Group/Inditex/pricingservice)
2025-11-02T13:52:32.820+01:00 DEBUG 31220 --- [pricing-service] [main] i.p.i.a.i.PriceControllerIntegrationTest : Running with Spring Boot v3.5.6, Spring v6.2.11
2025-11-02T13:52:32.821+01:00  INFO 31220 --- [pricing-service] [main] i.p.i.a.i.PriceControllerIntegrationTest : No active profile set, falling back to 1 default profile: "default"
2025-11-02T13:52:33.283+01:00  INFO 31220 --- [pricing-service] [main] .s.d.r.c.RepositoryConfigurationDelegate : Bootstrapping Spring Data JPA repositories in DEFAULT mode.
2025-11-02T13:52:33.317+01:00  INFO 31220 --- [pricing-service] [main] .s.d.r.c.RepositoryConfigurationDelegate : Finished Spring Data repository scanning in 28 ms. Found 1 JPA repository interface.
2025-11-02T13:52:33.513+01:00  INFO 31220 --- [pricing-service] [main] com.zaxxer.hikari.HikariDataSource       : HikariPool-1 - Starting...
2025-11-02T13:52:33.692+01:00  INFO 31220 --- [pricing-service] [main] com.zaxxer.hikari.pool.HikariPool        : HikariPool-1 - Added connection conn0: url=jdbc:h2:mem:pricingservice user=PS
2025-11-02T13:52:33.694+01:00  INFO 31220 --- [pricing-service] [main] com.zaxxer.hikari.HikariDataSource       : HikariPool-1 - Start completed.
2025-11-02T13:52:33.764+01:00  INFO 31220 --- [pricing-service] [main] o.hibernate.jpa.internal.util.LogHelper  : HHH000204: Processing PersistenceUnitInfo [name: default]
2025-11-02T13:52:33.810+01:00  INFO 31220 --- [pricing-service] [main] org.hibernate.Version                    : HHH000412: Hibernate ORM core version 6.6.29.Final
2025-11-02T13:52:33.838+01:00  INFO 31220 --- [pricing-service] [main] o.h.c.internal.RegionFactoryInitiator    : HHH000026: Second-level cache disabled
2025-11-02T13:52:33.935+01:00  INFO 31220 --- [pricing-service] [main] o.s.o.j.p.SpringPersistenceUnitInfo      : No LoadTimeWeaver setup: ignoring JPA class transformer
2025-11-02T13:52:33.993+01:00  INFO 31220 --- [pricing-service] [main] org.hibernate.orm.connections.pooling    : HHH10001005: Database info:
	Database JDBC URL [Connecting through datasource 'HikariDataSource (HikariPool-1)']
	Database driver: undefined/unknown
	Database version: 2.3.232
	Autocommit mode: undefined/unknown
	Isolation level: undefined/unknown
	Minimum pool size: undefined/unknown
	Maximum pool size: undefined/unknown
2025-11-02T13:52:34.463+01:00  INFO 31220 --- [pricing-service] [main] o.h.e.t.j.p.i.JtaPlatformInitiator       : HHH000489: No JTA platform available (set 'hibernate.transaction.jta.platform' to enable JTA platform integration)
2025-11-02T13:52:34.465+01:00  INFO 31220 --- [pricing-service] [main] j.LocalContainerEntityManagerFactoryBean : Initialized JPA EntityManagerFactory for persistence unit 'default'
2025-11-02T13:52:34.599+01:00  INFO 31220 --- [pricing-service] [main] o.s.d.j.r.query.QueryEnhancerFactory     : Hibernate is in classpath; If applicable, HQL parser will be used.
2025-11-02T13:52:34.727+01:00  WARN 31220 --- [pricing-service] [main] JpaBaseConfiguration$JpaWebConfiguration : spring.jpa.open-in-view is enabled by default. Therefore, database queries may be performed during view rendering. Explicitly configure spring.jpa.open-in-view to disable this warning
2025-11-02T13:52:34.941+01:00  INFO 31220 --- [pricing-service] [main] o.s.b.a.h2.H2ConsoleAutoConfiguration    : H2 console available at '/h2-console'. Database available at 'jdbc:h2:mem:pricingservice'
2025-11-02T13:52:34.969+01:00  INFO 31220 --- [pricing-service] [main] o.s.b.t.m.w.SpringBootMockServletContext : Initializing Spring TestDispatcherServlet ''
2025-11-02T13:52:34.969+01:00  INFO 31220 --- [pricing-service] [main] o.s.t.web.servlet.TestDispatcherServlet  : Initializing Servlet ''
2025-11-02T13:52:34.970+01:00  INFO 31220 --- [pricing-service] [main] o.s.t.web.servlet.TestDispatcherServlet  : Completed initialization in 1 ms
2025-11-02T13:52:34.985+01:00  INFO 31220 --- [pricing-service] [main] i.p.i.a.i.PriceControllerIntegrationTest : Started PriceControllerIntegrationTest in 2.449 seconds (process running for 4.181)
2025-11-02T13:52:35.187+01:00  INFO 31220 --- [pricing-service] [main] t.c.s.AnnotationConfigContextLoaderUtils : Could not detect default configuration classes for test class [com.cirino.rafaela.inditex.pricingservice.infrastructure.adapter.inbound.GlobalExceptionHandlerTest]: GlobalExceptionHandlerTest does not declare any static, non-private, non-final, nested classes annotated with @Configuration.
2025-11-02T13:52:35.192+01:00  INFO 31220 --- [pricing-service] [main] .b.t.c.SpringBootTestContextBootstrapper : Found @SpringBootConfiguration com.cirino.rafaela.inditex.pricingservice.PricingServiceApplication for test class com.cirino.rafaela.inditex.pricingservice.infrastructure.adapter.inbound.GlobalExceptionHandlerTest
2025-11-02T13:52:35.205+01:00  INFO 31220 --- [pricing-service] [main] c.r.i.p.i.a.i.GlobalExceptionHandlerTest : Starting GlobalExceptionHandlerTest using Java 21.0.6 with PID 31220 (started by rafae in /Users/rafae/Documents/Empresas/BCNC Group/Inditex/pricingservice)
2025-11-02T13:52:35.205+01:00 DEBUG 31220 --- [pricing-service] [main] c.r.i.p.i.a.i.GlobalExceptionHandlerTest : Running with Spring Boot v3.5.6, Spring v6.2.11
2025-11-02T13:52:35.205+01:00  INFO 31220 --- [pricing-service] [main] c.r.i.p.i.a.i.GlobalExceptionHandlerTest : No active profile set, falling back to 1 default profile: "default"
2025-11-02T13:52:35.273+01:00  INFO 31220 --- [pricing-service] [main] o.s.b.t.m.w.SpringBootMockServletContext : Initializing Spring TestDispatcherServlet ''
2025-11-02T13:52:35.274+01:00  INFO 31220 --- [pricing-service] [main] o.s.t.web.servlet.TestDispatcherServlet  : Initializing Servlet ''
2025-11-02T13:52:35.274+01:00  INFO 31220 --- [pricing-service] [main] o.s.t.web.servlet.TestDispatcherServlet  : Completed initialization in 0 ms
2025-11-02T13:52:35.276+01:00  INFO 31220 --- [pricing-service] [main] c.r.i.p.i.a.i.GlobalExceptionHandlerTest : Started GlobalExceptionHandlerTest in 0.082 seconds (process running for 4.473)
2025-11-02T13:52:35.376+01:00  INFO 31220 --- [pricing-service] [main] t.c.s.AnnotationConfigContextLoaderUtils : Could not detect default configuration classes for test class [com.cirino.rafaela.inditex.pricingservice.infrastructure.persistence.repository.PriceRepositoryTest]: PriceRepositoryTest does not declare any static, non-private, non-final, nested classes annotated with @Configuration.
2025-11-02T13:52:35.383+01:00  INFO 31220 --- [pricing-service] [main] .b.t.c.SpringBootTestContextBootstrapper : Found @SpringBootConfiguration com.cirino.rafaela.inditex.pricingservice.PricingServiceApplication for test class com.cirino.rafaela.inditex.pricingservice.infrastructure.persistence.repository.PriceRepositoryTest
2025-11-02T13:52:35.397+01:00  INFO 31220 --- [pricing-service] [main] c.c.r.i.p.i.p.r.PriceRepositoryTest      : Starting PriceRepositoryTest using Java 21.0.6 with PID 31220 (started by rafae in /Users/rafae/Documents/Empresas/BCNC Group/Inditex/pricingservice)
2025-11-02T13:52:35.397+01:00 DEBUG 31220 --- [pricing-service] [main] c.c.r.i.p.i.p.r.PriceRepositoryTest      : Running with Spring Boot v3.5.6, Spring v6.2.11
2025-11-02T13:52:35.397+01:00  INFO 31220 --- [pricing-service] [main] c.c.r.i.p.i.p.r.PriceRepositoryTest      : No active profile set, falling back to 1 default profile: "default"
2025-11-02T13:52:35.425+01:00  INFO 31220 --- [pricing-service] [main] .s.d.r.c.RepositoryConfigurationDelegate : Bootstrapping Spring Data JPA repositories in DEFAULT mode.
2025-11-02T13:52:35.429+01:00  INFO 31220 --- [pricing-service] [main] .s.d.r.c.RepositoryConfigurationDelegate : Finished Spring Data repository scanning in 3 ms. Found 1 JPA repository interface.
2025-11-02T13:52:35.434+01:00  INFO 31220 --- [pricing-service] [main] beddedDataSourceBeanFactoryPostProcessor : Replacing 'dataSource' DataSource bean with embedded version
2025-11-02T13:52:35.442+01:00  INFO 31220 --- [pricing-service] [main] o.s.j.d.e.EmbeddedDatabaseFactory        : Starting embedded database: url='jdbc:h2:mem:48b4e5d0-9957-484d-8e42-7145e57c2a90;DB_CLOSE_DELAY=-1;DB_CLOSE_ON_EXIT=false', username='sa'
2025-11-02T13:52:35.454+01:00  INFO 31220 --- [pricing-service] [main] o.hibernate.jpa.internal.util.LogHelper  : HHH000204: Processing PersistenceUnitInfo [name: default]
2025-11-02T13:52:35.455+01:00  INFO 31220 --- [pricing-service] [main] o.h.c.internal.RegionFactoryInitiator    : HHH000026: Second-level cache disabled
2025-11-02T13:52:35.457+01:00  INFO 31220 --- [pricing-service] [main] o.s.o.j.p.SpringPersistenceUnitInfo      : No LoadTimeWeaver setup: ignoring JPA class transformer
2025-11-02T13:52:35.458+01:00  INFO 31220 --- [pricing-service] [main] org.hibernate.orm.connections.pooling    : HHH10001005: Database info:
	Database JDBC URL [Connecting through datasource 'org.springframework.jdbc.datasource.embedded.EmbeddedDatabaseFactory$EmbeddedDataSourceProxy@2049c7fa']
	Database driver: undefined/unknown
	Database version: 2.3.232
	Autocommit mode: undefined/unknown
	Isolation level: undefined/unknown
	Minimum pool size: undefined/unknown
	Maximum pool size: undefined/unknown
2025-11-02T13:52:35.470+01:00  INFO 31220 --- [pricing-service] [main] o.h.e.t.j.p.i.JtaPlatformInitiator       : HHH000489: No JTA platform available (set 'hibernate.transaction.jta.platform' to enable JTA platform integration)
2025-11-02T13:52:35.470+01:00  INFO 31220 --- [pricing-service] [main] j.LocalContainerEntityManagerFactoryBean : Initialized JPA EntityManagerFactory for persistence unit 'default'
2025-11-02T13:52:35.484+01:00  INFO 31220 --- [pricing-service] [main] c.c.r.i.p.i.p.r.PriceRepositoryTest      : Started PriceRepositoryTest in 0.099 seconds (process running for 4.681)
2025-11-02T13:52:35.637+01:00  INFO 31220 --- [pricing-service] [SpringApplicationShutdownHook] j.LocalContainerEntityManagerFactoryBean : Closing JPA EntityManagerFactory for persistence unit 'default'
2025-11-02T13:52:35.638+01:00  INFO 31220 --- [pricing-service] [SpringApplicationShutdownHook] com.zaxxer.hikari.HikariDataSource       : HikariPool-1 - Shutdown initiated...
2025-11-02T13:52:35.639+01:00  INFO 31220 --- [pricing-service] [SpringApplicationShutdownHook] com.zaxxer.hikari.HikariDataSource       : HikariPool-1 - Shutdown completed.
2025-11-02T13:52:35.639+01:00  INFO 31220 --- [pricing-service] [SpringApplicationShutdownHook] j.LocalContainerEntityManagerFactoryBean : Closing JPA EntityManagerFactory for persistence unit 'default'
2025-11-02T13:52:43.038+01:00  INFO 31273 --- [pricing-service] [main] i.p.i.a.i.PriceControllerIntegrationTest : Starting PriceControllerIntegrationTest using Java 21.0.6 with PID 31273 (started by rafae in /Users/rafae/Documents/Empresas/BCNC Group/Inditex/pricingservice)
2025-11-02T13:52:43.039+01:00 DEBUG 31273 --- [pricing-service] [main] i.p.i.a.i.PriceControllerIntegrationTest : Running with Spring Boot v3.5.6, Spring v6.2.11
2025-11-02T13:52:43.039+01:00  INFO 31273 --- [pricing-service] [main] i.p.i.a.i.PriceControllerIntegrationTest : No active profile set, falling back to 1 default profile: "default"
2025-11-02T13:52:43.518+01:00  INFO 31273 --- [pricing-service] [main] .s.d.r.c.RepositoryConfigurationDelegate : Bootstrapping Spring Data JPA repositories in DEFAULT mode.
2025-11-02T13:52:43.553+01:00  INFO 31273 --- [pricing-service] [main] .s.d.r.c.RepositoryConfigurationDelegate : Finished Spring Data repository scanning in 29 ms. Found 1 JPA repository interface.
2025-11-02T13:52:43.754+01:00  INFO 31273 --- [pricing-service] [main] com.zaxxer.hikari.HikariDataSource       : HikariPool-1 - Starting...
2025-11-02T13:52:43.930+01:00  INFO 31273 --- [pricing-service] [main] com.zaxxer.hikari.pool.HikariPool        : HikariPool-1 - Added connection conn0: url=jdbc:h2:mem:pricingservice user=PS
2025-11-02T13:52:43.931+01:00  INFO 31273 --- [pricing-service] [main] com.zaxxer.hikari.HikariDataSource       : HikariPool-1 - Start completed.
2025-11-02T13:52:44.002+01:00  INFO 31273 --- [pricing-service] [main] o.hibernate.jpa.internal.util.LogHelper  : HHH000204: Processing PersistenceUnitInfo [name: default]
2025-11-02T13:52:44.043+01:00  INFO 31273 --- [pricing-service] [main] org.hibernate.Version                    : HHH000412: Hibernate ORM core version 6.6.29.Final
2025-11-02T13:52:44.067+01:00  INFO 31273 --- [pricing-service] [main] o.h.c.internal.RegionFactoryInitiator    : HHH000026: Second-level cache disabled
2025-11-02T13:52:44.153+01:00  INFO 31273 --- [pricing-service] [main] o.s.o.j.p.SpringPersistenceUnitInfo      : No LoadTimeWeaver setup: ignoring JPA class transformer
2025-11-02T13:52:44.212+01:00  INFO 31273 --- [pricing-service] [main] org.hibernate.orm.connections.pooling    : HHH10001005: Database info:
	Database JDBC URL [Connecting through datasource 'HikariDataSource (HikariPool-1)']
	Database driver: undefined/unknown
	Database version: 2.3.232
	Autocommit mode: undefined/unknown
	Isolation level: undefined/unknown
	Minimum pool size: undefined/unknown
	Maximum pool size: undefined/unknown
2025-11-02T13:52:44.677+01:00  INFO 31273 --- [pricing-service] [main] o.h.e.t.j.p.i.JtaPlatformInitiator       : HHH000489: No JTA platform available (set 'hibernate.transaction.jta.platform' to enable JTA platform integration)
2025-11-02T13:52:44.678+01:00  INFO 31273 --- [pricing-service] [main] j.LocalContainerEntityManagerFactoryBean : Initialized JPA EntityManagerFactory for persistence unit 'default'
2025-11-02T13:52:44.814+01:00  INFO 31273 --- [pricing-service] [main] o.s.d.j.r.query.QueryEnhancerFactory     : Hibernate is in classpath; If applicable, HQL parser will be used.
2025-11-02T13:52:44.946+01:00  WARN 31273 --- [pricing-service] [main] JpaBaseConfiguration$JpaWebConfiguration : spring.jpa.open-in-view is enabled by default. Therefore, database queries may be performed during view rendering. Explicitly configure spring.jpa.open-in-view to disable this warning
2025-11-02T13:52:45.166+01:00  INFO 31273 --- [pricing-service] [main] o.s.b.a.h2.H2ConsoleAutoConfiguration    : H2 console available at '/h2-console'. Database available at 'jdbc:h2:mem:pricingservice'
2025-11-02T13:52:45.194+01:00  INFO 31273 --- [pricing-service] [main] o.s.b.t.m.w.SpringBootMockServletContext : Initializing Spring TestDispatcherServlet ''
2025-11-02T13:52:45.194+01:00  INFO 31273 --- [pricing-service] [main] o.s.t.web.servlet.TestDispatcherServlet  : Initializing Servlet ''
2025-11-02T13:52:45.194+01:00  INFO 31273 --- [pricing-service] [main] o.s.t.web.servlet.TestDispatcherServlet  : Completed initialization in 0 ms
2025-11-02T13:52:45.209+01:00  INFO 31273 --- [pricing-service] [main] i.p.i.a.i.PriceControllerIntegrationTest : Started PriceControllerIntegrationTest in 2.416 seconds (process running for 4.257)
2025-11-02T13:52:45.421+01:00  INFO 31273 --- [pricing-service] [main] t.c.s.AnnotationConfigContextLoaderUtils : Could not detect default configuration classes for test class [com.cirino.rafaela.inditex.pricingservice.infrastructure.adapter.inbound.GlobalExceptionHandlerTest]: GlobalExceptionHandlerTest does not declare any static, non-private, non-final, nested classes annotated with @Configuration.
2025-11-02T13:52:45.427+01:00  INFO 31273 --- [pricing-service] [main] .b.t.c.SpringBootTestContextBootstrapper : Found @SpringBootConfiguration com.cirino.rafaela.inditex.pricingservice.PricingServiceApplication for test class com.cirino.rafaela.inditex.pricingservice.infrastructure.adapter.inbound.GlobalExceptionHandlerTest
2025-11-02T13:52:45.442+01:00  INFO 31273 --- [pricing-service] [main] c.r.i.p.i.a.i.GlobalExceptionHandlerTest : Starting GlobalExceptionHandlerTest using Java 21.0.6 with PID 31273 (started by rafae in /Users/rafae/Documents/Empresas/BCNC Group/Inditex/pricingservice)
2025-11-02T13:52:45.442+01:00 DEBUG 31273 --- [pricing-service] [main] c.r.i.p.i.a.i.GlobalExceptionHandlerTest : Running with Spring Boot v3.5.6, Spring v6.2.11
2025-11-02T13:52:45.442+01:00  INFO 31273 --- [pricing-service] [main] c.r.i.p.i.a.i.GlobalExceptionHandlerTest : No active profile set, falling back to 1 default profile: "default"
2025-11-02T13:52:45.511+01:00  INFO 31273 --- [pricing-service] [main] o.s.b.t.m.w.SpringBootMockServletContext : Initializing Spring TestDispatcherServlet ''
2025-11-02T13:52:45.511+01:00  INFO 31273 --- [pricing-service] [main] o.s.t.web.servlet.TestDispatcherServlet  : Initializing Servlet ''
2025-11-02T13:52:45.511+01:00  INFO 31273 --- [pricing-service] [main] o.s.t.web.servlet.TestDispatcherServlet  : Completed initialization in 0 ms
2025-11-02T13:52:45.513+01:00  INFO 31273 --- [pricing-service] [main] c.r.i.p.i.a.i.GlobalExceptionHandlerTest : Started GlobalExceptionHandlerTest in 0.085 seconds (process running for 4.56)
2025-11-02T13:52:45.596+01:00  INFO 31273 --- [pricing-service] [main] t.c.s.AnnotationConfigContextLoaderUtils : Could not detect default configuration classes for test class [com.cirino.rafaela.inditex.pricingservice.infrastructure.persistence.repository.PriceRepositoryTest]: PriceRepositoryTest does not declare any static, non-private, non-final, nested classes annotated with @Configuration.
2025-11-02T13:52:45.603+01:00  INFO 31273 --- [pricing-service] [main] .b.t.c.SpringBootTestContextBootstrapper : Found @SpringBootConfiguration com.cirino.rafaela.inditex.pricingservice.PricingServiceApplication for test class com.cirino.rafaela.inditex.pricingservice.infrastructure.persistence.repository.PriceRepositoryTest
2025-11-02T13:52:45.615+01:00  INFO 31273 --- [pricing-service] [main] c.c.r.i.p.i.p.r.PriceRepositoryTest      : Starting PriceRepositoryTest using Java 21.0.6 with PID 31273 (started by rafae in /Users/rafae/Documents/Empresas/BCNC Group/Inditex/pricingservice)
2025-11-02T13:52:45.615+01:00 DEBUG 31273 --- [pricing-service] [main] c.c.r.i.p.i.p.r.PriceRepositoryTest      : Running with Spring Boot v3.5.6, Spring v6.2.11
2025-11-02T13:52:45.615+01:00  INFO 31273 --- [pricing-service] [main] c.c.r.i.p.i.p.r.PriceRepositoryTest      : No active profile set, falling back to 1 default profile: "default"
2025-11-02T13:52:45.647+01:00  INFO 31273 --- [pricing-service] [main] .s.d.r.c.RepositoryConfigurationDelegate : Bootstrapping Spring Data JPA repositories in DEFAULT mode.
2025-11-02T13:52:45.652+01:00  INFO 31273 --- [pricing-service] [main] .s.d.r.c.RepositoryConfigurationDelegate : Finished Spring Data repository scanning in 3 ms. Found 1 JPA repository interface.
2025-11-02T13:52:45.656+01:00  INFO 31273 --- [pricing-service] [main] beddedDataSourceBeanFactoryPostProcessor : Replacing 'dataSource' DataSource bean with embedded version
2025-11-02T13:52:45.665+01:00  INFO 31273 --- [pricing-service] [main] o.s.j.d.e.EmbeddedDatabaseFactory        : Starting embedded database: url='jdbc:h2:mem:1279ac0f-f374-4cd1-b0fe-955c8c7aafbf;DB_CLOSE_DELAY=-1;DB_CLOSE_ON_EXIT=false', username='sa'
2025-11-02T13:52:45.677+01:00  INFO 31273 --- [pricing-service] [main] o.hibernate.jpa.internal.util.LogHelper  : HHH000204: Processing PersistenceUnitInfo [name: default]
2025-11-02T13:52:45.678+01:00  INFO 31273 --- [pricing-service] [main] o.h.c.internal.RegionFactoryInitiator    : HHH000026: Second-level cache disabled
2025-11-02T13:52:45.681+01:00  INFO 31273 --- [pricing-service] [main] o.s.o.j.p.SpringPersistenceUnitInfo      : No LoadTimeWeaver setup: ignoring JPA class transformer
2025-11-02T13:52:45.682+01:00  INFO 31273 --- [pricing-service] [main] org.hibernate.orm.connections.pooling    : HHH10001005: Database info:
	Database JDBC URL [Connecting through datasource 'org.springframework.jdbc.datasource.embedded.EmbeddedDatabaseFactory$EmbeddedDataSourceProxy@3556ba6d']
	Database driver: undefined/unknown
	Database version: 2.3.232
	Autocommit mode: undefined/unknown
	Isolation level: undefined/unknown
	Minimum pool size: undefined/unknown
	Maximum pool size: undefined/unknown
2025-11-02T13:52:45.694+01:00  INFO 31273 --- [pricing-service] [main] o.h.e.t.j.p.i.JtaPlatformInitiator       : HHH000489: No JTA platform available (set 'hibernate.transaction.jta.platform' to enable JTA platform integration)
2025-11-02T13:52:45.694+01:00  INFO 31273 --- [pricing-service] [main] j.LocalContainerEntityManagerFactoryBean : Initialized JPA EntityManagerFactory for persistence unit 'default'
2025-11-02T13:52:45.709+01:00  INFO 31273 --- [pricing-service] [main] c.c.r.i.p.i.p.r.PriceRepositoryTest      : Started PriceRepositoryTest in 0.104 seconds (process running for 4.756)
2025-11-02T13:52:45.850+01:00  INFO 31273 --- [pricing-service] [SpringApplicationShutdownHook] j.LocalContainerEntityManagerFactoryBean : Closing JPA EntityManagerFactory for persistence unit 'default'
2025-11-02T13:52:45.851+01:00  INFO 31273 --- [pricing-service] [SpringApplicationShutdownHook] com.zaxxer.hikari.HikariDataSource       : HikariPool-1 - Shutdown initiated...
2025-11-02T13:52:45.853+01:00  INFO 31273 --- [pricing-service] [SpringApplicationShutdownHook] com.zaxxer.hikari.HikariDataSource       : HikariPool-1 - Shutdown completed.
2025-11-02T13:52:45.853+01:00  INFO 31273 --- [pricing-service] [SpringApplicationShutdownHook] j.LocalContainerEntityManagerFactoryBean : Closing JPA EntityManagerFactory for persistence unit 'default'
2025-11-02T13:54:42.134+01:00  INFO 31377 --- [pricing-service] [main] i.p.i.a.i.PriceControllerIntegrationTest : Starting PriceControllerIntegrationTest using Java 21.0.6 with PID 31377 (started by rafae in /Users/rafae/Documents/Empresas/BCNC Group/Inditex/pricingservice)
2025-11-02T13:54:42.136+01:00 DEBUG 31377 --- [pricing-service] [main] i.p.i.a.i.PriceControllerIntegrationTest : Running with Spring Boot v3.5.6, Spring v6.2.11
2025-11-02T13:54:42.137+01:00  INFO 31377 --- [pricing-service] [main] i.p.i.a.i.PriceControllerIntegrationTest : No active profile set, falling back to 1 default profile: "default"
2025-11-02T13:54:42.637+01:00  INFO 31377 --- [pricing-service] [main] .s.d.r.c.RepositoryConfigurationDelegate : Bootstrapping Spring Data JPA repositories in DEFAULT mode.
2025-11-02T13:54:42.675+01:00  INFO 31377 --- [pricing-service] [main] .s.d.r.c.RepositoryConfigurationDelegate : Finished Spring Data repository scanning in 32 ms. Found 1 JPA repository interface.
2025-11-02T13:54:42.876+01:00  INFO 31377 --- [pricing-service] [main] com.zaxxer.hikari.HikariDataSource       : HikariPool-1 - Starting...
2025-11-02T13:54:43.053+01:00  INFO 31377 --- [pricing-service] [main] com.zaxxer.hikari.pool.HikariPool        : HikariPool-1 - Added connection conn0: url=jdbc:h2:mem:pricingservice user=PS
2025-11-02T13:54:43.054+01:00  INFO 31377 --- [pricing-service] [main] com.zaxxer.hikari.HikariDataSource       : HikariPool-1 - Start completed.
2025-11-02T13:54:43.124+01:00  INFO 31377 --- [pricing-service] [main] o.hibernate.jpa.internal.util.LogHelper  : HHH000204: Processing PersistenceUnitInfo [name: default]
2025-11-02T13:54:43.165+01:00  INFO 31377 --- [pricing-service] [main] org.hibernate.Version                    : HHH000412: Hibernate ORM core version 6.6.29.Final
2025-11-02T13:54:43.192+01:00  INFO 31377 --- [pricing-service] [main] o.h.c.internal.RegionFactoryInitiator    : HHH000026: Second-level cache disabled
2025-11-02T13:54:43.274+01:00  INFO 31377 --- [pricing-service] [main] o.s.o.j.p.SpringPersistenceUnitInfo      : No LoadTimeWeaver setup: ignoring JPA class transformer
2025-11-02T13:54:43.336+01:00  INFO 31377 --- [pricing-service] [main] org.hibernate.orm.connections.pooling    : HHH10001005: Database info:
	Database JDBC URL [Connecting through datasource 'HikariDataSource (HikariPool-1)']
	Database driver: undefined/unknown
	Database version: 2.3.232
	Autocommit mode: undefined/unknown
	Isolation level: undefined/unknown
	Minimum pool size: undefined/unknown
	Maximum pool size: undefined/unknown
2025-11-02T13:54:44.136+01:00  INFO 31377 --- [pricing-service] [main] o.h.e.t.j.p.i.JtaPlatformInitiator       : HHH000489: No JTA platform available (set 'hibernate.transaction.jta.platform' to enable JTA platform integration)
2025-11-02T13:54:44.139+01:00  INFO 31377 --- [pricing-service] [main] j.LocalContainerEntityManagerFactoryBean : Initialized JPA EntityManagerFactory for persistence unit 'default'
2025-11-02T13:54:44.364+01:00  INFO 31377 --- [pricing-service] [main] o.s.d.j.r.query.QueryEnhancerFactory     : Hibernate is in classpath; If applicable, HQL parser will be used.
2025-11-02T13:54:44.508+01:00  WARN 31377 --- [pricing-service] [main] JpaBaseConfiguration$JpaWebConfiguration : spring.jpa.open-in-view is enabled by default. Therefore, database queries may be performed during view rendering. Explicitly configure spring.jpa.open-in-view to disable this warning
2025-11-02T13:54:44.723+01:00  INFO 31377 --- [pricing-service] [main] o.s.b.a.h2.H2ConsoleAutoConfiguration    : H2 console available at '/h2-console'. Database available at 'jdbc:h2:mem:pricingservice'
2025-11-02T13:54:44.751+01:00  INFO 31377 --- [pricing-service] [main] o.s.b.t.m.w.SpringBootMockServletContext : Initializing Spring TestDispatcherServlet ''
2025-11-02T13:54:44.752+01:00  INFO 31377 --- [pricing-service] [main] o.s.t.web.servlet.TestDispatcherServlet  : Initializing Servlet ''
2025-11-02T13:54:44.752+01:00  INFO 31377 --- [pricing-service] [main] o.s.t.web.servlet.TestDispatcherServlet  : Completed initialization in 0 ms
2025-11-02T13:54:44.767+01:00  INFO 31377 --- [pricing-service] [main] i.p.i.a.i.PriceControllerIntegrationTest : Started PriceControllerIntegrationTest in 2.884 seconds (process running for 4.501)
2025-11-02T13:54:44.963+01:00  INFO 31377 --- [pricing-service] [main] t.c.s.AnnotationConfigContextLoaderUtils : Could not detect default configuration classes for test class [com.cirino.rafaela.inditex.pricingservice.infrastructure.adapter.inbound.GlobalExceptionHandlerTest]: GlobalExceptionHandlerTest does not declare any static, non-private, non-final, nested classes annotated with @Configuration.
2025-11-02T13:54:44.970+01:00  INFO 31377 --- [pricing-service] [main] .b.t.c.SpringBootTestContextBootstrapper : Found @SpringBootConfiguration com.cirino.rafaela.inditex.pricingservice.PricingServiceApplication for test class com.cirino.rafaela.inditex.pricingservice.infrastructure.adapter.inbound.GlobalExceptionHandlerTest
2025-11-02T13:54:44.986+01:00  INFO 31377 --- [pricing-service] [main] c.r.i.p.i.a.i.GlobalExceptionHandlerTest : Starting GlobalExceptionHandlerTest using Java 21.0.6 with PID 31377 (started by rafae in /Users/rafae/Documents/Empresas/BCNC Group/Inditex/pricingservice)
2025-11-02T13:54:44.986+01:00 DEBUG 31377 --- [pricing-service] [main] c.r.i.p.i.a.i.GlobalExceptionHandlerTest : Running with Spring Boot v3.5.6, Spring v6.2.11
2025-11-02T13:54:44.986+01:00  INFO 31377 --- [pricing-service] [main] c.r.i.p.i.a.i.GlobalExceptionHandlerTest : No active profile set, falling back to 1 default profile: "default"
2025-11-02T13:54:45.055+01:00  INFO 31377 --- [pricing-service] [main] o.s.b.t.m.w.SpringBootMockServletContext : Initializing Spring TestDispatcherServlet ''
2025-11-02T13:54:45.055+01:00  INFO 31377 --- [pricing-service] [main] o.s.t.web.servlet.TestDispatcherServlet  : Initializing Servlet ''
2025-11-02T13:54:45.055+01:00  INFO 31377 --- [pricing-service] [main] o.s.t.web.servlet.TestDispatcherServlet  : Completed initialization in 0 ms
2025-11-02T13:54:45.057+01:00  INFO 31377 --- [pricing-service] [main] c.r.i.p.i.a.i.GlobalExceptionHandlerTest : Started GlobalExceptionHandlerTest in 0.084 seconds (process running for 4.791)
2025-11-02T13:54:45.147+01:00  INFO 31377 --- [pricing-service] [main] t.c.s.AnnotationConfigContextLoaderUtils : Could not detect default configuration classes for test class [com.cirino.rafaela.inditex.pricingservice.infrastructure.persistence.repository.PriceRepositoryTest]: PriceRepositoryTest does not declare any static, non-private, non-final, nested classes annotated with @Configuration.
2025-11-02T13:54:45.156+01:00  INFO 31377 --- [pricing-service] [main] .b.t.c.SpringBootTestContextBootstrapper : Found @SpringBootConfiguration com.cirino.rafaela.inditex.pricingservice.PricingServiceApplication for test class com.cirino.rafaela.inditex.pricingservice.infrastructure.persistence.repository.PriceRepositoryTest
2025-11-02T13:54:45.170+01:00  INFO 31377 --- [pricing-service] [main] c.c.r.i.p.i.p.r.PriceRepositoryTest      : Starting PriceRepositoryTest using Java 21.0.6 with PID 31377 (started by rafae in /Users/rafae/Documents/Empresas/BCNC Group/Inditex/pricingservice)
2025-11-02T13:54:45.170+01:00 DEBUG 31377 --- [pricing-service] [main] c.c.r.i.p.i.p.r.PriceRepositoryTest      : Running with Spring Boot v3.5.6, Spring v6.2.11
2025-11-02T13:54:45.170+01:00  INFO 31377 --- [pricing-service] [main] c.c.r.i.p.i.p.r.PriceRepositoryTest      : No active profile set, falling back to 1 default profile: "default"
2025-11-02T13:54:45.204+01:00  INFO 31377 --- [pricing-service] [main] .s.d.r.c.RepositoryConfigurationDelegate : Bootstrapping Spring Data JPA repositories in DEFAULT mode.
2025-11-02T13:54:45.209+01:00  INFO 31377 --- [pricing-service] [main] .s.d.r.c.RepositoryConfigurationDelegate : Finished Spring Data repository scanning in 4 ms. Found 1 JPA repository interface.
2025-11-02T13:54:45.215+01:00  INFO 31377 --- [pricing-service] [main] beddedDataSourceBeanFactoryPostProcessor : Replacing 'dataSource' DataSource bean with embedded version
2025-11-02T13:54:45.222+01:00  INFO 31377 --- [pricing-service] [main] o.s.j.d.e.EmbeddedDatabaseFactory        : Starting embedded database: url='jdbc:h2:mem:cc0ac028-f4ae-4638-80fb-3411fa5d5fe0;DB_CLOSE_DELAY=-1;DB_CLOSE_ON_EXIT=false', username='sa'
2025-11-02T13:54:45.235+01:00  INFO 31377 --- [pricing-service] [main] o.hibernate.jpa.internal.util.LogHelper  : HHH000204: Processing PersistenceUnitInfo [name: default]
2025-11-02T13:54:45.236+01:00  INFO 31377 --- [pricing-service] [main] o.h.c.internal.RegionFactoryInitiator    : HHH000026: Second-level cache disabled
2025-11-02T13:54:45.239+01:00  INFO 31377 --- [pricing-service] [main] o.s.o.j.p.SpringPersistenceUnitInfo      : No LoadTimeWeaver setup: ignoring JPA class transformer
2025-11-02T13:54:45.240+01:00  INFO 31377 --- [pricing-service] [main] org.hibernate.orm.connections.pooling    : HHH10001005: Database info:
	Database JDBC URL [Connecting through datasource 'org.springframework.jdbc.datasource.embedded.EmbeddedDatabaseFactory$EmbeddedDataSourceProxy@2049c7fa']
	Database driver: undefined/unknown
	Database version: 2.3.232
	Autocommit mode: undefined/unknown
	Isolation level: undefined/unknown
	Minimum pool size: undefined/unknown
	Maximum pool size: undefined/unknown
2025-11-02T13:54:45.252+01:00  INFO 31377 --- [pricing-service] [main] o.h.e.t.j.p.i.JtaPlatformInitiator       : HHH000489: No JTA platform available (set 'hibernate.transaction.jta.platform' to enable JTA platform integration)
2025-11-02T13:54:45.252+01:00  INFO 31377 --- [pricing-service] [main] j.LocalContainerEntityManagerFactoryBean : Initialized JPA EntityManagerFactory for persistence unit 'default'
2025-11-02T13:54:45.268+01:00  INFO 31377 --- [pricing-service] [main] c.c.r.i.p.i.p.r.PriceRepositoryTest      : Started PriceRepositoryTest in 0.111 seconds (process running for 5.002)
2025-11-02T13:54:45.420+01:00  INFO 31377 --- [pricing-service] [SpringApplicationShutdownHook] j.LocalContainerEntityManagerFactoryBean : Closing JPA EntityManagerFactory for persistence unit 'default'
2025-11-02T13:54:45.421+01:00  INFO 31377 --- [pricing-service] [SpringApplicationShutdownHook] com.zaxxer.hikari.HikariDataSource       : HikariPool-1 - Shutdown initiated...
2025-11-02T13:54:45.425+01:00  INFO 31377 --- [pricing-service] [SpringApplicationShutdownHook] com.zaxxer.hikari.HikariDataSource       : HikariPool-1 - Shutdown completed.
2025-11-02T13:54:45.426+01:00  INFO 31377 --- [pricing-service] [SpringApplicationShutdownHook] j.LocalContainerEntityManagerFactoryBean : Closing JPA EntityManagerFactory for persistence unit 'default'
2025-11-02T13:54:49.858+01:00  INFO 31423 --- [pricing-service] [main] c.c.r.i.p.PricingServiceApplication      : Starting PricingServiceApplication using Java 21.0.6 with PID 31423 (/Users/rafae/Documents/Empresas/BCNC Group/Inditex/pricingservice/target/classes started by rafae in /Users/rafae/Documents/Empresas/BCNC Group/Inditex/pricingservice)
2025-11-02T13:54:49.858+01:00 DEBUG 31423 --- [pricing-service] [main] c.c.r.i.p.PricingServiceApplication      : Running with Spring Boot v3.5.6, Spring v6.2.11
2025-11-02T13:54:49.859+01:00  INFO 31423 --- [pricing-service] [main] c.c.r.i.p.PricingServiceApplication      : No active profile set, falling back to 1 default profile: "default"
2025-11-02T13:54:50.111+01:00  INFO 31423 --- [pricing-service] [main] .s.d.r.c.RepositoryConfigurationDelegate : Bootstrapping Spring Data JPA repositories in DEFAULT mode.
2025-11-02T13:54:50.132+01:00  INFO 31423 --- [pricing-service] [main] .s.d.r.c.RepositoryConfigurationDelegate : Finished Spring Data repository scanning in 18 ms. Found 1 JPA repository interface.
2025-11-02T13:54:50.290+01:00  INFO 31423 --- [pricing-service] [main] o.s.b.w.embedded.tomcat.TomcatWebServer  : Tomcat initialized with port 8080 (http)
2025-11-02T13:54:50.295+01:00  INFO 31423 --- [pricing-service] [main] o.apache.catalina.core.StandardService   : Starting service [Tomcat]
2025-11-02T13:54:50.295+01:00  INFO 31423 --- [pricing-service] [main] o.apache.catalina.core.StandardEngine    : Starting Servlet engine: [Apache Tomcat/10.1.46]
2025-11-02T13:54:50.310+01:00  INFO 31423 --- [pricing-service] [main] o.a.c.c.C.[Tomcat].[localhost].[/]       : Initializing Spring embedded WebApplicationContext
2025-11-02T13:54:50.310+01:00  INFO 31423 --- [pricing-service] [main] w.s.c.ServletWebServerApplicationContext : Root WebApplicationContext: initialization completed in 435 ms
2025-11-02T13:54:50.352+01:00  INFO 31423 --- [pricing-service] [main] com.zaxxer.hikari.HikariDataSource       : HikariPool-1 - Starting...
2025-11-02T13:54:50.429+01:00  INFO 31423 --- [pricing-service] [main] com.zaxxer.hikari.pool.HikariPool        : HikariPool-1 - Added connection conn0: url=jdbc:h2:mem:pricingservice user=PS
2025-11-02T13:54:50.429+01:00  INFO 31423 --- [pricing-service] [main] com.zaxxer.hikari.HikariDataSource       : HikariPool-1 - Start completed.
2025-11-02T13:54:50.464+01:00  INFO 31423 --- [pricing-service] [main] o.hibernate.jpa.internal.util.LogHelper  : HHH000204: Processing PersistenceUnitInfo [name: default]
2025-11-02T13:54:50.479+01:00  INFO 31423 --- [pricing-service] [main] org.hibernate.Version                    : HHH000412: Hibernate ORM core version 6.6.29.Final
2025-11-02T13:54:50.488+01:00  INFO 31423 --- [pricing-service] [main] o.h.c.internal.RegionFactoryInitiator    : HHH000026: Second-level cache disabled
2025-11-02T13:54:50.563+01:00  INFO 31423 --- [pricing-service] [main] o.s.o.j.p.SpringPersistenceUnitInfo      : No LoadTimeWeaver setup: ignoring JPA class transformer
2025-11-02T13:54:50.588+01:00  INFO 31423 --- [pricing-service] [main] org.hibernate.orm.connections.pooling    : HHH10001005: Database info:
	Database JDBC URL [Connecting through datasource 'HikariDataSource (HikariPool-1)']
	Database driver: undefined/unknown
	Database version: 2.3.232
	Autocommit mode: undefined/unknown
	Isolation level: undefined/unknown
	Minimum pool size: undefined/unknown
	Maximum pool size: undefined/unknown
2025-11-02T13:54:50.848+01:00  INFO 31423 --- [pricing-service] [main] o.h.e.t.j.p.i.JtaPlatformInitiator       : HHH000489: No JTA platform available (set 'hibernate.transaction.jta.platform' to enable JTA platform integration)
2025-11-02T13:54:50.849+01:00  INFO 31423 --- [pricing-service] [main] j.LocalContainerEntityManagerFactoryBean : Initialized JPA EntityManagerFactory for persistence unit 'default'
2025-11-02T13:54:50.928+01:00  INFO 31423 --- [pricing-service] [main] o.s.d.j.r.query.QueryEnhancerFactory     : Hibernate is in classpath; If applicable, HQL parser will be used.
2025-11-02T13:54:50.975+01:00  WARN 31423 --- [pricing-service] [main] JpaBaseConfiguration$JpaWebConfiguration : spring.jpa.open-in-view is enabled by default. Therefore, database queries may be performed during view rendering. Explicitly configure spring.jpa.open-in-view to disable this warning
2025-11-02T13:54:51.099+01:00  INFO 31423 --- [pricing-service] [main] o.s.b.a.h2.H2ConsoleAutoConfiguration    : H2 console available at '/h2-console'. Database available at 'jdbc:h2:mem:pricingservice'
2025-11-02T13:54:51.128+01:00  INFO 31423 --- [pricing-service] [main] o.s.b.w.embedded.tomcat.TomcatWebServer  : Tomcat started on port 8080 (http) with context path '/'
2025-11-02T13:54:51.132+01:00  INFO 31423 --- [pricing-service] [main] c.c.r.i.p.PricingServiceApplication      : Started PricingServiceApplication in 1.547 seconds (process running for 1.933)
2025-11-02T13:55:24.220+01:00  INFO 31423 --- [pricing-service] [http-nio-8080-exec-1] o.a.c.c.C.[Tomcat].[localhost].[/]       : Initializing Spring DispatcherServlet 'dispatcherServlet'
2025-11-02T13:55:24.221+01:00  INFO 31423 --- [pricing-service] [http-nio-8080-exec-1] o.s.web.servlet.DispatcherServlet        : Initializing Servlet 'dispatcherServlet'
2025-11-02T13:55:24.227+01:00  INFO 31423 --- [pricing-service] [http-nio-8080-exec-1] o.s.web.servlet.DispatcherServlet        : Completed initialization in 6 ms
2025-11-02T13:55:24.491+01:00  INFO 31423 --- [pricing-service] [http-nio-8080-exec-7] o.springdoc.api.AbstractOpenApiResource  : Init duration for springdoc-openapi is: 105 ms
2025-11-02T13:59:09.870+01:00  INFO 31423 --- [pricing-service] [SpringApplicationShutdownHook] o.s.b.w.e.tomcat.GracefulShutdown        : Commencing graceful shutdown. Waiting for active requests to complete
2025-11-02T13:59:09.878+01:00  INFO 31423 --- [pricing-service] [tomcat-shutdown] o.s.b.w.e.tomcat.GracefulShutdown        : Graceful shutdown complete
2025-11-02T13:59:09.881+01:00  INFO 31423 --- [pricing-service] [SpringApplicationShutdownHook] j.LocalContainerEntityManagerFactoryBean : Closing JPA EntityManagerFactory for persistence unit 'default'
2025-11-02T13:59:09.883+01:00  INFO 31423 --- [pricing-service] [SpringApplicationShutdownHook] com.zaxxer.hikari.HikariDataSource       : HikariPool-1 - Shutdown initiated...
2025-11-02T13:59:09.884+01:00  INFO 31423 --- [pricing-service] [SpringApplicationShutdownHook] com.zaxxer.hikari.HikariDataSource       : HikariPool-1 - Shutdown completed.
2025-11-02T14:03:17.264+01:00  INFO 31977 --- [pricing-service] [main] i.p.i.a.i.PriceControllerIntegrationTest : Starting PriceControllerIntegrationTest using Java 21.0.6 with PID 31977 (started by rafae in /Users/rafae/Documents/Empresas/BCNC Group/Inditex/pricingservice)
2025-11-02T14:03:17.265+01:00 DEBUG 31977 --- [pricing-service] [main] i.p.i.a.i.PriceControllerIntegrationTest : Running with Spring Boot v3.5.6, Spring v6.2.11
2025-11-02T14:03:17.265+01:00  INFO 31977 --- [pricing-service] [main] i.p.i.a.i.PriceControllerIntegrationTest : No active profile set, falling back to 1 default profile: "default"
2025-11-02T14:03:17.747+01:00  INFO 31977 --- [pricing-service] [main] .s.d.r.c.RepositoryConfigurationDelegate : Bootstrapping Spring Data JPA repositories in DEFAULT mode.
2025-11-02T14:03:17.781+01:00  INFO 31977 --- [pricing-service] [main] .s.d.r.c.RepositoryConfigurationDelegate : Finished Spring Data repository scanning in 28 ms. Found 1 JPA repository interface.
2025-11-02T14:03:17.981+01:00  INFO 31977 --- [pricing-service] [main] com.zaxxer.hikari.HikariDataSource       : HikariPool-1 - Starting...
2025-11-02T14:03:18.160+01:00  INFO 31977 --- [pricing-service] [main] com.zaxxer.hikari.pool.HikariPool        : HikariPool-1 - Added connection conn0: url=jdbc:h2:mem:pricingservice user=PS
2025-11-02T14:03:18.161+01:00  INFO 31977 --- [pricing-service] [main] com.zaxxer.hikari.HikariDataSource       : HikariPool-1 - Start completed.
2025-11-02T14:03:18.232+01:00  INFO 31977 --- [pricing-service] [main] o.hibernate.jpa.internal.util.LogHelper  : HHH000204: Processing PersistenceUnitInfo [name: default]
2025-11-02T14:03:18.270+01:00  INFO 31977 --- [pricing-service] [main] org.hibernate.Version                    : HHH000412: Hibernate ORM core version 6.6.29.Final
2025-11-02T14:03:18.299+01:00  INFO 31977 --- [pricing-service] [main] o.h.c.internal.RegionFactoryInitiator    : HHH000026: Second-level cache disabled
2025-11-02T14:03:18.384+01:00  INFO 31977 --- [pricing-service] [main] o.s.o.j.p.SpringPersistenceUnitInfo      : No LoadTimeWeaver setup: ignoring JPA class transformer
2025-11-02T14:03:18.437+01:00  INFO 31977 --- [pricing-service] [main] org.hibernate.orm.connections.pooling    : HHH10001005: Database info:
	Database JDBC URL [Connecting through datasource 'HikariDataSource (HikariPool-1)']
	Database driver: undefined/unknown
	Database version: 2.3.232
	Autocommit mode: undefined/unknown
	Isolation level: undefined/unknown
	Minimum pool size: undefined/unknown
	Maximum pool size: undefined/unknown
2025-11-02T14:03:18.883+01:00  INFO 31977 --- [pricing-service] [main] o.h.e.t.j.p.i.JtaPlatformInitiator       : HHH000489: No JTA platform available (set 'hibernate.transaction.jta.platform' to enable JTA platform integration)
2025-11-02T14:03:18.885+01:00  INFO 31977 --- [pricing-service] [main] j.LocalContainerEntityManagerFactoryBean : Initialized JPA EntityManagerFactory for persistence unit 'default'
2025-11-02T14:03:19.024+01:00  INFO 31977 --- [pricing-service] [main] o.s.d.j.r.query.QueryEnhancerFactory     : Hibernate is in classpath; If applicable, HQL parser will be used.
2025-11-02T14:03:19.160+01:00  WARN 31977 --- [pricing-service] [main] JpaBaseConfiguration$JpaWebConfiguration : spring.jpa.open-in-view is enabled by default. Therefore, database queries may be performed during view rendering. Explicitly configure spring.jpa.open-in-view to disable this warning
2025-11-02T14:03:19.380+01:00  INFO 31977 --- [pricing-service] [main] o.s.b.a.h2.H2ConsoleAutoConfiguration    : H2 console available at '/h2-console'. Database available at 'jdbc:h2:mem:pricingservice'
2025-11-02T14:03:19.410+01:00  INFO 31977 --- [pricing-service] [main] o.s.b.t.m.w.SpringBootMockServletContext : Initializing Spring TestDispatcherServlet ''
2025-11-02T14:03:19.410+01:00  INFO 31977 --- [pricing-service] [main] o.s.t.web.servlet.TestDispatcherServlet  : Initializing Servlet ''
2025-11-02T14:03:19.410+01:00  INFO 31977 --- [pricing-service] [main] o.s.t.web.servlet.TestDispatcherServlet  : Completed initialization in 0 ms
2025-11-02T14:03:19.426+01:00  INFO 31977 --- [pricing-service] [main] i.p.i.a.i.PriceControllerIntegrationTest : Started PriceControllerIntegrationTest in 2.451 seconds (process running for 4.067)
2025-11-02T14:03:19.627+01:00  INFO 31977 --- [pricing-service] [main] t.c.s.AnnotationConfigContextLoaderUtils : Could not detect default configuration classes for test class [com.cirino.rafaela.inditex.pricingservice.infrastructure.adapter.inbound.GlobalExceptionHandlerTest]: GlobalExceptionHandlerTest does not declare any static, non-private, non-final, nested classes annotated with @Configuration.
2025-11-02T14:03:19.632+01:00  INFO 31977 --- [pricing-service] [main] .b.t.c.SpringBootTestContextBootstrapper : Found @SpringBootConfiguration com.cirino.rafaela.inditex.pricingservice.PricingServiceApplication for test class com.cirino.rafaela.inditex.pricingservice.infrastructure.adapter.inbound.GlobalExceptionHandlerTest
2025-11-02T14:03:19.645+01:00  INFO 31977 --- [pricing-service] [main] c.r.i.p.i.a.i.GlobalExceptionHandlerTest : Starting GlobalExceptionHandlerTest using Java 21.0.6 with PID 31977 (started by rafae in /Users/rafae/Documents/Empresas/BCNC Group/Inditex/pricingservice)
2025-11-02T14:03:19.645+01:00 DEBUG 31977 --- [pricing-service] [main] c.r.i.p.i.a.i.GlobalExceptionHandlerTest : Running with Spring Boot v3.5.6, Spring v6.2.11
2025-11-02T14:03:19.645+01:00  INFO 31977 --- [pricing-service] [main] c.r.i.p.i.a.i.GlobalExceptionHandlerTest : No active profile set, falling back to 1 default profile: "default"
2025-11-02T14:03:19.714+01:00  INFO 31977 --- [pricing-service] [main] o.s.b.t.m.w.SpringBootMockServletContext : Initializing Spring TestDispatcherServlet ''
2025-11-02T14:03:19.714+01:00  INFO 31977 --- [pricing-service] [main] o.s.t.web.servlet.TestDispatcherServlet  : Initializing Servlet ''
2025-11-02T14:03:19.714+01:00  INFO 31977 --- [pricing-service] [main] o.s.t.web.servlet.TestDispatcherServlet  : Completed initialization in 0 ms
2025-11-02T14:03:19.716+01:00  INFO 31977 --- [pricing-service] [main] c.r.i.p.i.a.i.GlobalExceptionHandlerTest : Started GlobalExceptionHandlerTest in 0.083 seconds (process running for 4.357)
2025-11-02T14:03:19.811+01:00  INFO 31977 --- [pricing-service] [main] t.c.s.AnnotationConfigContextLoaderUtils : Could not detect default configuration classes for test class [com.cirino.rafaela.inditex.pricingservice.infrastructure.persistence.repository.PriceRepositoryTest]: PriceRepositoryTest does not declare any static, non-private, non-final, nested classes annotated with @Configuration.
2025-11-02T14:03:19.819+01:00  INFO 31977 --- [pricing-service] [main] .b.t.c.SpringBootTestContextBootstrapper : Found @SpringBootConfiguration com.cirino.rafaela.inditex.pricingservice.PricingServiceApplication for test class com.cirino.rafaela.inditex.pricingservice.infrastructure.persistence.repository.PriceRepositoryTest
2025-11-02T14:03:19.833+01:00  INFO 31977 --- [pricing-service] [main] c.c.r.i.p.i.p.r.PriceRepositoryTest      : Starting PriceRepositoryTest using Java 21.0.6 with PID 31977 (started by rafae in /Users/rafae/Documents/Empresas/BCNC Group/Inditex/pricingservice)
2025-11-02T14:03:19.833+01:00 DEBUG 31977 --- [pricing-service] [main] c.c.r.i.p.i.p.r.PriceRepositoryTest      : Running with Spring Boot v3.5.6, Spring v6.2.11
2025-11-02T14:03:19.833+01:00  INFO 31977 --- [pricing-service] [main] c.c.r.i.p.i.p.r.PriceRepositoryTest      : No active profile set, falling back to 1 default profile: "default"
2025-11-02T14:03:19.862+01:00  INFO 31977 --- [pricing-service] [main] .s.d.r.c.RepositoryConfigurationDelegate : Bootstrapping Spring Data JPA repositories in DEFAULT mode.
2025-11-02T14:03:19.868+01:00  INFO 31977 --- [pricing-service] [main] .s.d.r.c.RepositoryConfigurationDelegate : Finished Spring Data repository scanning in 4 ms. Found 1 JPA repository interface.
2025-11-02T14:03:19.875+01:00  INFO 31977 --- [pricing-service] [main] beddedDataSourceBeanFactoryPostProcessor : Replacing 'dataSource' DataSource bean with embedded version
2025-11-02T14:03:19.883+01:00  INFO 31977 --- [pricing-service] [main] o.s.j.d.e.EmbeddedDatabaseFactory        : Starting embedded database: url='jdbc:h2:mem:8c1856cc-2169-4eb4-a523-f4edcef7e61a;DB_CLOSE_DELAY=-1;DB_CLOSE_ON_EXIT=false', username='sa'
2025-11-02T14:03:19.896+01:00  INFO 31977 --- [pricing-service] [main] o.hibernate.jpa.internal.util.LogHelper  : HHH000204: Processing PersistenceUnitInfo [name: default]
2025-11-02T14:03:19.896+01:00  INFO 31977 --- [pricing-service] [main] o.h.c.internal.RegionFactoryInitiator    : HHH000026: Second-level cache disabled
2025-11-02T14:03:19.899+01:00  INFO 31977 --- [pricing-service] [main] o.s.o.j.p.SpringPersistenceUnitInfo      : No LoadTimeWeaver setup: ignoring JPA class transformer
2025-11-02T14:03:19.900+01:00  INFO 31977 --- [pricing-service] [main] org.hibernate.orm.connections.pooling    : HHH10001005: Database info:
	Database JDBC URL [Connecting through datasource 'org.springframework.jdbc.datasource.embedded.EmbeddedDatabaseFactory$EmbeddedDataSourceProxy@3af7cabc']
	Database driver: undefined/unknown
	Database version: 2.3.232
	Autocommit mode: undefined/unknown
	Isolation level: undefined/unknown
	Minimum pool size: undefined/unknown
	Maximum pool size: undefined/unknown
2025-11-02T14:03:19.913+01:00  INFO 31977 --- [pricing-service] [main] o.h.e.t.j.p.i.JtaPlatformInitiator       : HHH000489: No JTA platform available (set 'hibernate.transaction.jta.platform' to enable JTA platform integration)
2025-11-02T14:03:19.913+01:00  INFO 31977 --- [pricing-service] [main] j.LocalContainerEntityManagerFactoryBean : Initialized JPA EntityManagerFactory for persistence unit 'default'
2025-11-02T14:03:19.929+01:00  INFO 31977 --- [pricing-service] [main] c.c.r.i.p.i.p.r.PriceRepositoryTest      : Started PriceRepositoryTest in 0.108 seconds (process running for 4.57)
2025-11-02T14:03:20.079+01:00  INFO 31977 --- [pricing-service] [SpringApplicationShutdownHook] j.LocalContainerEntityManagerFactoryBean : Closing JPA EntityManagerFactory for persistence unit 'default'
2025-11-02T14:03:20.080+01:00  INFO 31977 --- [pricing-service] [SpringApplicationShutdownHook] com.zaxxer.hikari.HikariDataSource       : HikariPool-1 - Shutdown initiated...
2025-11-02T14:03:20.080+01:00  INFO 31977 --- [pricing-service] [SpringApplicationShutdownHook] com.zaxxer.hikari.HikariDataSource       : HikariPool-1 - Shutdown completed.
2025-11-02T14:03:20.081+01:00  INFO 31977 --- [pricing-service] [SpringApplicationShutdownHook] j.LocalContainerEntityManagerFactoryBean : Closing JPA EntityManagerFactory for persistence unit 'default'
2025-11-02T14:03:24.875+01:00  INFO 32018 --- [pricing-service] [main] c.c.r.i.p.PricingServiceApplication      : Starting PricingServiceApplication using Java 21.0.6 with PID 32018 (/Users/rafae/Documents/Empresas/BCNC Group/Inditex/pricingservice/target/classes started by rafae in /Users/rafae/Documents/Empresas/BCNC Group/Inditex/pricingservice)
2025-11-02T14:03:24.876+01:00 DEBUG 32018 --- [pricing-service] [main] c.c.r.i.p.PricingServiceApplication      : Running with Spring Boot v3.5.6, Spring v6.2.11
2025-11-02T14:03:24.876+01:00  INFO 32018 --- [pricing-service] [main] c.c.r.i.p.PricingServiceApplication      : No active profile set, falling back to 1 default profile: "default"
2025-11-02T14:03:25.172+01:00  INFO 32018 --- [pricing-service] [main] .s.d.r.c.RepositoryConfigurationDelegate : Bootstrapping Spring Data JPA repositories in DEFAULT mode.
2025-11-02T14:03:25.191+01:00  INFO 32018 --- [pricing-service] [main] .s.d.r.c.RepositoryConfigurationDelegate : Finished Spring Data repository scanning in 15 ms. Found 1 JPA repository interface.
2025-11-02T14:03:25.354+01:00  INFO 32018 --- [pricing-service] [main] o.s.b.w.embedded.tomcat.TomcatWebServer  : Tomcat initialized with port 8080 (http)
2025-11-02T14:03:25.359+01:00  INFO 32018 --- [pricing-service] [main] o.apache.catalina.core.StandardService   : Starting service [Tomcat]
2025-11-02T14:03:25.359+01:00  INFO 32018 --- [pricing-service] [main] o.apache.catalina.core.StandardEngine    : Starting Servlet engine: [Apache Tomcat/10.1.46]
2025-11-02T14:03:25.376+01:00  INFO 32018 --- [pricing-service] [main] o.a.c.c.C.[Tomcat].[localhost].[/]       : Initializing Spring embedded WebApplicationContext
2025-11-02T14:03:25.376+01:00  INFO 32018 --- [pricing-service] [main] w.s.c.ServletWebServerApplicationContext : Root WebApplicationContext: initialization completed in 483 ms
2025-11-02T14:03:25.415+01:00  INFO 32018 --- [pricing-service] [main] com.zaxxer.hikari.HikariDataSource       : HikariPool-1 - Starting...
2025-11-02T14:03:25.493+01:00  INFO 32018 --- [pricing-service] [main] com.zaxxer.hikari.pool.HikariPool        : HikariPool-1 - Added connection conn0: url=jdbc:h2:mem:pricingservice user=PS
2025-11-02T14:03:25.494+01:00  INFO 32018 --- [pricing-service] [main] com.zaxxer.hikari.HikariDataSource       : HikariPool-1 - Start completed.
2025-11-02T14:03:25.532+01:00  INFO 32018 --- [pricing-service] [main] o.hibernate.jpa.internal.util.LogHelper  : HHH000204: Processing PersistenceUnitInfo [name: default]
2025-11-02T14:03:25.548+01:00  INFO 32018 --- [pricing-service] [main] org.hibernate.Version                    : HHH000412: Hibernate ORM core version 6.6.29.Final
2025-11-02T14:03:25.558+01:00  INFO 32018 --- [pricing-service] [main] o.h.c.internal.RegionFactoryInitiator    : HHH000026: Second-level cache disabled
2025-11-02T14:03:25.637+01:00  INFO 32018 --- [pricing-service] [main] o.s.o.j.p.SpringPersistenceUnitInfo      : No LoadTimeWeaver setup: ignoring JPA class transformer
2025-11-02T14:03:25.664+01:00  INFO 32018 --- [pricing-service] [main] org.hibernate.orm.connections.pooling    : HHH10001005: Database info:
	Database JDBC URL [Connecting through datasource 'HikariDataSource (HikariPool-1)']
	Database driver: undefined/unknown
	Database version: 2.3.232
	Autocommit mode: undefined/unknown
	Isolation level: undefined/unknown
	Minimum pool size: undefined/unknown
	Maximum pool size: undefined/unknown
2025-11-02T14:03:25.934+01:00  INFO 32018 --- [pricing-service] [main] o.h.e.t.j.p.i.JtaPlatformInitiator       : HHH000489: No JTA platform available (set 'hibernate.transaction.jta.platform' to enable JTA platform integration)
2025-11-02T14:03:25.935+01:00  INFO 32018 --- [pricing-service] [main] j.LocalContainerEntityManagerFactoryBean : Initialized JPA EntityManagerFactory for persistence unit 'default'
2025-11-02T14:03:26.017+01:00  INFO 32018 --- [pricing-service] [main] o.s.d.j.r.query.QueryEnhancerFactory     : Hibernate is in classpath; If applicable, HQL parser will be used.
2025-11-02T14:03:26.075+01:00  WARN 32018 --- [pricing-service] [main] JpaBaseConfiguration$JpaWebConfiguration : spring.jpa.open-in-view is enabled by default. Therefore, database queries may be performed during view rendering. Explicitly configure spring.jpa.open-in-view to disable this warning
2025-11-02T14:03:26.213+01:00  INFO 32018 --- [pricing-service] [main] o.s.b.a.h2.H2ConsoleAutoConfiguration    : H2 console available at '/h2-console'. Database available at 'jdbc:h2:mem:pricingservice'
2025-11-02T14:03:26.241+01:00  INFO 32018 --- [pricing-service] [main] o.s.b.w.embedded.tomcat.TomcatWebServer  : Tomcat started on port 8080 (http) with context path '/'
2025-11-02T14:03:26.245+01:00  INFO 32018 --- [pricing-service] [main] c.c.r.i.p.PricingServiceApplication      : Started PricingServiceApplication in 1.548 seconds (process running for 1.816)
2025-11-02T14:03:38.266+01:00  INFO 32018 --- [pricing-service] [http-nio-8080-exec-1] o.a.c.c.C.[Tomcat].[localhost].[/]       : Initializing Spring DispatcherServlet 'dispatcherServlet'
2025-11-02T14:03:38.266+01:00  INFO 32018 --- [pricing-service] [http-nio-8080-exec-1] o.s.web.servlet.DispatcherServlet        : Initializing Servlet 'dispatcherServlet'
2025-11-02T14:03:38.267+01:00  INFO 32018 --- [pricing-service] [http-nio-8080-exec-1] o.s.web.servlet.DispatcherServlet        : Completed initialization in 1 ms
2025-11-02T14:03:38.518+01:00  INFO 32018 --- [pricing-service] [http-nio-8080-exec-4] o.springdoc.api.AbstractOpenApiResource  : Init duration for springdoc-openapi is: 100 ms
2025-11-02T14:04:27.688+01:00  INFO 32018 --- [pricing-service] [SpringApplicationShutdownHook] o.s.b.w.e.tomcat.GracefulShutdown        : Commencing graceful shutdown. Waiting for active requests to complete
2025-11-02T14:04:27.691+01:00  INFO 32018 --- [pricing-service] [tomcat-shutdown] o.s.b.w.e.tomcat.GracefulShutdown        : Graceful shutdown complete
2025-11-02T14:04:27.693+01:00  INFO 32018 --- [pricing-service] [SpringApplicationShutdownHook] j.LocalContainerEntityManagerFactoryBean : Closing JPA EntityManagerFactory for persistence unit 'default'
2025-11-02T14:04:27.694+01:00  INFO 32018 --- [pricing-service] [SpringApplicationShutdownHook] com.zaxxer.hikari.HikariDataSource       : HikariPool-1 - Shutdown initiated...
2025-11-02T14:04:27.694+01:00  INFO 32018 --- [pricing-service] [SpringApplicationShutdownHook] com.zaxxer.hikari.HikariDataSource       : HikariPool-1 - Shutdown completed.
2025-11-02T14:05:55.510+01:00  INFO 32249 --- [pricing-service] [main] i.p.i.a.i.PriceControllerIntegrationTest : Starting PriceControllerIntegrationTest using Java 21.0.6 with PID 32249 (started by rafae in /Users/rafae/Documents/Empresas/BCNC Group/Inditex/pricingservice)
2025-11-02T14:05:55.511+01:00 DEBUG 32249 --- [pricing-service] [main] i.p.i.a.i.PriceControllerIntegrationTest : Running with Spring Boot v3.5.6, Spring v6.2.11
2025-11-02T14:05:55.511+01:00  INFO 32249 --- [pricing-service] [main] i.p.i.a.i.PriceControllerIntegrationTest : No active profile set, falling back to 1 default profile: "default"
2025-11-02T14:05:56.036+01:00  INFO 32249 --- [pricing-service] [main] .s.d.r.c.RepositoryConfigurationDelegate : Bootstrapping Spring Data JPA repositories in DEFAULT mode.
2025-11-02T14:05:56.069+01:00  INFO 32249 --- [pricing-service] [main] .s.d.r.c.RepositoryConfigurationDelegate : Finished Spring Data repository scanning in 27 ms. Found 1 JPA repository interface.
2025-11-02T14:05:56.292+01:00  INFO 32249 --- [pricing-service] [main] com.zaxxer.hikari.HikariDataSource       : HikariPool-1 - Starting...
2025-11-02T14:05:56.540+01:00  INFO 32249 --- [pricing-service] [main] com.zaxxer.hikari.pool.HikariPool        : HikariPool-1 - Added connection conn0: url=jdbc:h2:mem:pricingservice user=PS
2025-11-02T14:05:56.541+01:00  INFO 32249 --- [pricing-service] [main] com.zaxxer.hikari.HikariDataSource       : HikariPool-1 - Start completed.
2025-11-02T14:05:56.625+01:00  INFO 32249 --- [pricing-service] [main] o.hibernate.jpa.internal.util.LogHelper  : HHH000204: Processing PersistenceUnitInfo [name: default]
2025-11-02T14:05:56.664+01:00  INFO 32249 --- [pricing-service] [main] org.hibernate.Version                    : HHH000412: Hibernate ORM core version 6.6.29.Final
2025-11-02T14:05:56.689+01:00  INFO 32249 --- [pricing-service] [main] o.h.c.internal.RegionFactoryInitiator    : HHH000026: Second-level cache disabled
2025-11-02T14:05:56.774+01:00  INFO 32249 --- [pricing-service] [main] o.s.o.j.p.SpringPersistenceUnitInfo      : No LoadTimeWeaver setup: ignoring JPA class transformer
2025-11-02T14:05:56.839+01:00  INFO 32249 --- [pricing-service] [main] org.hibernate.orm.connections.pooling    : HHH10001005: Database info:
	Database JDBC URL [Connecting through datasource 'HikariDataSource (HikariPool-1)']
	Database driver: undefined/unknown
	Database version: 2.3.232
	Autocommit mode: undefined/unknown
	Isolation level: undefined/unknown
	Minimum pool size: undefined/unknown
	Maximum pool size: undefined/unknown
2025-11-02T14:05:57.539+01:00  INFO 32249 --- [pricing-service] [main] o.h.e.t.j.p.i.JtaPlatformInitiator       : HHH000489: No JTA platform available (set 'hibernate.transaction.jta.platform' to enable JTA platform integration)
2025-11-02T14:05:57.540+01:00  INFO 32249 --- [pricing-service] [main] j.LocalContainerEntityManagerFactoryBean : Initialized JPA EntityManagerFactory for persistence unit 'default'
2025-11-02T14:05:57.711+01:00  INFO 32249 --- [pricing-service] [main] o.s.d.j.r.query.QueryEnhancerFactory     : Hibernate is in classpath; If applicable, HQL parser will be used.
2025-11-02T14:05:57.935+01:00  WARN 32249 --- [pricing-service] [main] JpaBaseConfiguration$JpaWebConfiguration : spring.jpa.open-in-view is enabled by default. Therefore, database queries may be performed during view rendering. Explicitly configure spring.jpa.open-in-view to disable this warning
2025-11-02T14:05:58.206+01:00  INFO 32249 --- [pricing-service] [main] o.s.b.a.h2.H2ConsoleAutoConfiguration    : H2 console available at '/h2-console'. Database available at 'jdbc:h2:mem:pricingservice'
2025-11-02T14:05:58.239+01:00  INFO 32249 --- [pricing-service] [main] o.s.b.t.m.w.SpringBootMockServletContext : Initializing Spring TestDispatcherServlet ''
2025-11-02T14:05:58.239+01:00  INFO 32249 --- [pricing-service] [main] o.s.t.web.servlet.TestDispatcherServlet  : Initializing Servlet ''
2025-11-02T14:05:58.240+01:00  INFO 32249 --- [pricing-service] [main] o.s.t.web.servlet.TestDispatcherServlet  : Completed initialization in 1 ms
2025-11-02T14:05:58.258+01:00  INFO 32249 --- [pricing-service] [main] i.p.i.a.i.PriceControllerIntegrationTest : Started PriceControllerIntegrationTest in 3.008 seconds (process running for 4.713)
2025-11-02T14:05:58.523+01:00  INFO 32249 --- [pricing-service] [main] t.c.s.AnnotationConfigContextLoaderUtils : Could not detect default configuration classes for test class [com.cirino.rafaela.inditex.pricingservice.infrastructure.persistence.repository.PriceRepositoryTest]: PriceRepositoryTest does not declare any static, non-private, non-final, nested classes annotated with @Configuration.
2025-11-02T14:05:58.533+01:00  INFO 32249 --- [pricing-service] [main] .b.t.c.SpringBootTestContextBootstrapper : Found @SpringBootConfiguration com.cirino.rafaela.inditex.pricingservice.PricingServiceApplication for test class com.cirino.rafaela.inditex.pricingservice.infrastructure.persistence.repository.PriceRepositoryTest
2025-11-02T14:05:58.547+01:00  INFO 32249 --- [pricing-service] [main] c.c.r.i.p.i.p.r.PriceRepositoryTest      : Starting PriceRepositoryTest using Java 21.0.6 with PID 32249 (started by rafae in /Users/rafae/Documents/Empresas/BCNC Group/Inditex/pricingservice)
2025-11-02T14:05:58.547+01:00 DEBUG 32249 --- [pricing-service] [main] c.c.r.i.p.i.p.r.PriceRepositoryTest      : Running with Spring Boot v3.5.6, Spring v6.2.11
2025-11-02T14:05:58.548+01:00  INFO 32249 --- [pricing-service] [main] c.c.r.i.p.i.p.r.PriceRepositoryTest      : No active profile set, falling back to 1 default profile: "default"
2025-11-02T14:05:58.579+01:00  INFO 32249 --- [pricing-service] [main] .s.d.r.c.RepositoryConfigurationDelegate : Bootstrapping Spring Data JPA repositories in DEFAULT mode.
2025-11-02T14:05:58.584+01:00  INFO 32249 --- [pricing-service] [main] .s.d.r.c.RepositoryConfigurationDelegate : Finished Spring Data repository scanning in 3 ms. Found 1 JPA repository interface.
2025-11-02T14:05:58.590+01:00  INFO 32249 --- [pricing-service] [main] beddedDataSourceBeanFactoryPostProcessor : Replacing 'dataSource' DataSource bean with embedded version
2025-11-02T14:05:58.599+01:00  INFO 32249 --- [pricing-service] [main] o.s.j.d.e.EmbeddedDatabaseFactory        : Starting embedded database: url='jdbc:h2:mem:023277ea-11db-4d01-9833-315161b67011;DB_CLOSE_DELAY=-1;DB_CLOSE_ON_EXIT=false', username='sa'
2025-11-02T14:05:58.613+01:00  INFO 32249 --- [pricing-service] [main] o.hibernate.jpa.internal.util.LogHelper  : HHH000204: Processing PersistenceUnitInfo [name: default]
2025-11-02T14:05:58.613+01:00  INFO 32249 --- [pricing-service] [main] o.h.c.internal.RegionFactoryInitiator    : HHH000026: Second-level cache disabled
2025-11-02T14:05:58.616+01:00  INFO 32249 --- [pricing-service] [main] o.s.o.j.p.SpringPersistenceUnitInfo      : No LoadTimeWeaver setup: ignoring JPA class transformer
2025-11-02T14:05:58.617+01:00  INFO 32249 --- [pricing-service] [main] org.hibernate.orm.connections.pooling    : HHH10001005: Database info:
	Database JDBC URL [Connecting through datasource 'org.springframework.jdbc.datasource.embedded.EmbeddedDatabaseFactory$EmbeddedDataSourceProxy@141092bc']
	Database driver: undefined/unknown
	Database version: 2.3.232
	Autocommit mode: undefined/unknown
	Isolation level: undefined/unknown
	Minimum pool size: undefined/unknown
	Maximum pool size: undefined/unknown
2025-11-02T14:05:58.630+01:00  INFO 32249 --- [pricing-service] [main] o.h.e.t.j.p.i.JtaPlatformInitiator       : HHH000489: No JTA platform available (set 'hibernate.transaction.jta.platform' to enable JTA platform integration)
2025-11-02T14:05:58.630+01:00  INFO 32249 --- [pricing-service] [main] j.LocalContainerEntityManagerFactoryBean : Initialized JPA EntityManagerFactory for persistence unit 'default'
2025-11-02T14:05:58.644+01:00  INFO 32249 --- [pricing-service] [main] c.c.r.i.p.i.p.r.PriceRepositoryTest      : Started PriceRepositoryTest in 0.109 seconds (process running for 5.1)
2025-11-02T14:05:58.690+01:00  INFO 32249 --- [pricing-service] [main] t.c.s.AnnotationConfigContextLoaderUtils : Could not detect default configuration classes for test class [com.cirino.rafaela.inditex.pricingservice.infrastructure.adapter.inbound.GlobalExceptionHandlerTest]: GlobalExceptionHandlerTest does not declare any static, non-private, non-final, nested classes annotated with @Configuration.
2025-11-02T14:05:58.693+01:00  INFO 32249 --- [pricing-service] [main] .b.t.c.SpringBootTestContextBootstrapper : Found @SpringBootConfiguration com.cirino.rafaela.inditex.pricingservice.PricingServiceApplication for test class com.cirino.rafaela.inditex.pricingservice.infrastructure.adapter.inbound.GlobalExceptionHandlerTest
2025-11-02T14:05:58.705+01:00  INFO 32249 --- [pricing-service] [main] c.r.i.p.i.a.i.GlobalExceptionHandlerTest : Starting GlobalExceptionHandlerTest using Java 21.0.6 with PID 32249 (started by rafae in /Users/rafae/Documents/Empresas/BCNC Group/Inditex/pricingservice)
2025-11-02T14:05:58.705+01:00 DEBUG 32249 --- [pricing-service] [main] c.r.i.p.i.a.i.GlobalExceptionHandlerTest : Running with Spring Boot v3.5.6, Spring v6.2.11
2025-11-02T14:05:58.705+01:00  INFO 32249 --- [pricing-service] [main] c.r.i.p.i.a.i.GlobalExceptionHandlerTest : No active profile set, falling back to 1 default profile: "default"
2025-11-02T14:05:58.766+01:00  INFO 32249 --- [pricing-service] [main] o.s.b.t.m.w.SpringBootMockServletContext : Initializing Spring TestDispatcherServlet ''
2025-11-02T14:05:58.766+01:00  INFO 32249 --- [pricing-service] [main] o.s.t.web.servlet.TestDispatcherServlet  : Initializing Servlet ''
2025-11-02T14:05:58.766+01:00  INFO 32249 --- [pricing-service] [main] o.s.t.web.servlet.TestDispatcherServlet  : Completed initialization in 0 ms
2025-11-02T14:05:58.768+01:00  INFO 32249 --- [pricing-service] [main] c.r.i.p.i.a.i.GlobalExceptionHandlerTest : Started GlobalExceptionHandlerTest in 0.074 seconds (process running for 5.224)
2025-11-02T14:05:58.891+01:00  INFO 32249 --- [pricing-service] [SpringApplicationShutdownHook] j.LocalContainerEntityManagerFactoryBean : Closing JPA EntityManagerFactory for persistence unit 'default'
2025-11-02T14:05:58.891+01:00  INFO 32249 --- [pricing-service] [SpringApplicationShutdownHook] com.zaxxer.hikari.HikariDataSource       : HikariPool-1 - Shutdown initiated...
2025-11-02T14:05:58.892+01:00  INFO 32249 --- [pricing-service] [SpringApplicationShutdownHook] com.zaxxer.hikari.HikariDataSource       : HikariPool-1 - Shutdown completed.
2025-11-02T14:05:58.893+01:00  INFO 32249 --- [pricing-service] [SpringApplicationShutdownHook] j.LocalContainerEntityManagerFactoryBean : Closing JPA EntityManagerFactory for persistence unit 'default'
2025-11-02T14:18:05.424+01:00  INFO 32466 --- [pricing-service] [main] i.p.i.a.i.PriceControllerIntegrationTest : Starting PriceControllerIntegrationTest using Java 21.0.6 with PID 32466 (started by rafae in /Users/rafae/Documents/Empresas/BCNC Group/Inditex/pricingservice)
2025-11-02T14:18:05.425+01:00 DEBUG 32466 --- [pricing-service] [main] i.p.i.a.i.PriceControllerIntegrationTest : Running with Spring Boot v3.5.6, Spring v6.2.11
2025-11-02T14:18:05.425+01:00  INFO 32466 --- [pricing-service] [main] i.p.i.a.i.PriceControllerIntegrationTest : No active profile set, falling back to 1 default profile: "default"
2025-11-02T14:18:05.884+01:00  INFO 32466 --- [pricing-service] [main] .s.d.r.c.RepositoryConfigurationDelegate : Bootstrapping Spring Data JPA repositories in DEFAULT mode.
2025-11-02T14:18:05.921+01:00  INFO 32466 --- [pricing-service] [main] .s.d.r.c.RepositoryConfigurationDelegate : Finished Spring Data repository scanning in 31 ms. Found 1 JPA repository interface.
2025-11-02T14:18:06.121+01:00  INFO 32466 --- [pricing-service] [main] com.zaxxer.hikari.HikariDataSource       : HikariPool-1 - Starting...
2025-11-02T14:18:06.306+01:00  INFO 32466 --- [pricing-service] [main] com.zaxxer.hikari.pool.HikariPool        : HikariPool-1 - Added connection conn0: url=jdbc:h2:mem:pricingservice user=PS
2025-11-02T14:18:06.308+01:00  INFO 32466 --- [pricing-service] [main] com.zaxxer.hikari.HikariDataSource       : HikariPool-1 - Start completed.
2025-11-02T14:18:06.376+01:00  INFO 32466 --- [pricing-service] [main] o.hibernate.jpa.internal.util.LogHelper  : HHH000204: Processing PersistenceUnitInfo [name: default]
2025-11-02T14:18:06.413+01:00  INFO 32466 --- [pricing-service] [main] org.hibernate.Version                    : HHH000412: Hibernate ORM core version 6.6.29.Final
2025-11-02T14:18:06.435+01:00  INFO 32466 --- [pricing-service] [main] o.h.c.internal.RegionFactoryInitiator    : HHH000026: Second-level cache disabled
2025-11-02T14:18:06.511+01:00  INFO 32466 --- [pricing-service] [main] o.s.o.j.p.SpringPersistenceUnitInfo      : No LoadTimeWeaver setup: ignoring JPA class transformer
2025-11-02T14:18:06.575+01:00  INFO 32466 --- [pricing-service] [main] org.hibernate.orm.connections.pooling    : HHH10001005: Database info:
	Database JDBC URL [Connecting through datasource 'HikariDataSource (HikariPool-1)']
	Database driver: undefined/unknown
	Database version: 2.3.232
	Autocommit mode: undefined/unknown
	Isolation level: undefined/unknown
	Minimum pool size: undefined/unknown
	Maximum pool size: undefined/unknown
2025-11-02T14:18:07.012+01:00  INFO 32466 --- [pricing-service] [main] o.h.e.t.j.p.i.JtaPlatformInitiator       : HHH000489: No JTA platform available (set 'hibernate.transaction.jta.platform' to enable JTA platform integration)
2025-11-02T14:18:07.013+01:00  INFO 32466 --- [pricing-service] [main] j.LocalContainerEntityManagerFactoryBean : Initialized JPA EntityManagerFactory for persistence unit 'default'
2025-11-02T14:18:07.158+01:00  INFO 32466 --- [pricing-service] [main] o.s.d.j.r.query.QueryEnhancerFactory     : Hibernate is in classpath; If applicable, HQL parser will be used.
2025-11-02T14:18:07.284+01:00  WARN 32466 --- [pricing-service] [main] JpaBaseConfiguration$JpaWebConfiguration : spring.jpa.open-in-view is enabled by default. Therefore, database queries may be performed during view rendering. Explicitly configure spring.jpa.open-in-view to disable this warning
2025-11-02T14:18:07.500+01:00  INFO 32466 --- [pricing-service] [main] o.s.b.a.h2.H2ConsoleAutoConfiguration    : H2 console available at '/h2-console'. Database available at 'jdbc:h2:mem:pricingservice'
2025-11-02T14:18:07.536+01:00  INFO 32466 --- [pricing-service] [main] o.s.b.t.m.w.SpringBootMockServletContext : Initializing Spring TestDispatcherServlet ''
2025-11-02T14:18:07.537+01:00  INFO 32466 --- [pricing-service] [main] o.s.t.web.servlet.TestDispatcherServlet  : Initializing Servlet ''
2025-11-02T14:18:07.537+01:00  INFO 32466 --- [pricing-service] [main] o.s.t.web.servlet.TestDispatcherServlet  : Completed initialization in 0 ms
2025-11-02T14:18:07.554+01:00  INFO 32466 --- [pricing-service] [main] i.p.i.a.i.PriceControllerIntegrationTest : Started PriceControllerIntegrationTest in 2.411 seconds (process running for 4.038)
2025-11-02T14:18:07.762+01:00  INFO 32466 --- [pricing-service] [main] t.c.s.AnnotationConfigContextLoaderUtils : Could not detect default configuration classes for test class [com.cirino.rafaela.inditex.pricingservice.infrastructure.adapter.inbound.GlobalExceptionHandlerTest]: GlobalExceptionHandlerTest does not declare any static, non-private, non-final, nested classes annotated with @Configuration.
2025-11-02T14:18:07.767+01:00  INFO 32466 --- [pricing-service] [main] .b.t.c.SpringBootTestContextBootstrapper : Found @SpringBootConfiguration com.cirino.rafaela.inditex.pricingservice.PricingServiceApplication for test class com.cirino.rafaela.inditex.pricingservice.infrastructure.adapter.inbound.GlobalExceptionHandlerTest
2025-11-02T14:18:07.781+01:00  INFO 32466 --- [pricing-service] [main] c.r.i.p.i.a.i.GlobalExceptionHandlerTest : Starting GlobalExceptionHandlerTest using Java 21.0.6 with PID 32466 (started by rafae in /Users/rafae/Documents/Empresas/BCNC Group/Inditex/pricingservice)
2025-11-02T14:18:07.781+01:00 DEBUG 32466 --- [pricing-service] [main] c.r.i.p.i.a.i.GlobalExceptionHandlerTest : Running with Spring Boot v3.5.6, Spring v6.2.11
2025-11-02T14:18:07.781+01:00  INFO 32466 --- [pricing-service] [main] c.r.i.p.i.a.i.GlobalExceptionHandlerTest : No active profile set, falling back to 1 default profile: "default"
2025-11-02T14:18:07.854+01:00  INFO 32466 --- [pricing-service] [main] o.s.b.t.m.w.SpringBootMockServletContext : Initializing Spring TestDispatcherServlet ''
2025-11-02T14:18:07.854+01:00  INFO 32466 --- [pricing-service] [main] o.s.t.web.servlet.TestDispatcherServlet  : Initializing Servlet ''
2025-11-02T14:18:07.854+01:00  INFO 32466 --- [pricing-service] [main] o.s.t.web.servlet.TestDispatcherServlet  : Completed initialization in 0 ms
2025-11-02T14:18:07.856+01:00  INFO 32466 --- [pricing-service] [main] c.r.i.p.i.a.i.GlobalExceptionHandlerTest : Started GlobalExceptionHandlerTest in 0.088 seconds (process running for 4.341)
2025-11-02T14:18:07.945+01:00  INFO 32466 --- [pricing-service] [main] t.c.s.AnnotationConfigContextLoaderUtils : Could not detect default configuration classes for test class [com.cirino.rafaela.inditex.pricingservice.infrastructure.persistence.repository.PriceRepositoryTest]: PriceRepositoryTest does not declare any static, non-private, non-final, nested classes annotated with @Configuration.
2025-11-02T14:18:07.952+01:00  INFO 32466 --- [pricing-service] [main] .b.t.c.SpringBootTestContextBootstrapper : Found @SpringBootConfiguration com.cirino.rafaela.inditex.pricingservice.PricingServiceApplication for test class com.cirino.rafaela.inditex.pricingservice.infrastructure.persistence.repository.PriceRepositoryTest
2025-11-02T14:18:07.964+01:00  INFO 32466 --- [pricing-service] [main] c.c.r.i.p.i.p.r.PriceRepositoryTest      : Starting PriceRepositoryTest using Java 21.0.6 with PID 32466 (started by rafae in /Users/rafae/Documents/Empresas/BCNC Group/Inditex/pricingservice)
2025-11-02T14:18:07.964+01:00 DEBUG 32466 --- [pricing-service] [main] c.c.r.i.p.i.p.r.PriceRepositoryTest      : Running with Spring Boot v3.5.6, Spring v6.2.11
2025-11-02T14:18:07.965+01:00  INFO 32466 --- [pricing-service] [main] c.c.r.i.p.i.p.r.PriceRepositoryTest      : No active profile set, falling back to 1 default profile: "default"
2025-11-02T14:18:07.994+01:00  INFO 32466 --- [pricing-service] [main] .s.d.r.c.RepositoryConfigurationDelegate : Bootstrapping Spring Data JPA repositories in DEFAULT mode.
2025-11-02T14:18:07.998+01:00  INFO 32466 --- [pricing-service] [main] .s.d.r.c.RepositoryConfigurationDelegate : Finished Spring Data repository scanning in 4 ms. Found 1 JPA repository interface.
2025-11-02T14:18:08.003+01:00  INFO 32466 --- [pricing-service] [main] beddedDataSourceBeanFactoryPostProcessor : Replacing 'dataSource' DataSource bean with embedded version
2025-11-02T14:18:08.011+01:00  INFO 32466 --- [pricing-service] [main] o.s.j.d.e.EmbeddedDatabaseFactory        : Starting embedded database: url='jdbc:h2:mem:95cec0f3-ec0f-444a-94b1-8ba98dffac24;DB_CLOSE_DELAY=-1;DB_CLOSE_ON_EXIT=false', username='sa'
2025-11-02T14:18:08.023+01:00  INFO 32466 --- [pricing-service] [main] o.hibernate.jpa.internal.util.LogHelper  : HHH000204: Processing PersistenceUnitInfo [name: default]
2025-11-02T14:18:08.024+01:00  INFO 32466 --- [pricing-service] [main] o.h.c.internal.RegionFactoryInitiator    : HHH000026: Second-level cache disabled
2025-11-02T14:18:08.026+01:00  INFO 32466 --- [pricing-service] [main] o.s.o.j.p.SpringPersistenceUnitInfo      : No LoadTimeWeaver setup: ignoring JPA class transformer
2025-11-02T14:18:08.027+01:00  INFO 32466 --- [pricing-service] [main] org.hibernate.orm.connections.pooling    : HHH10001005: Database info:
	Database JDBC URL [Connecting through datasource 'org.springframework.jdbc.datasource.embedded.EmbeddedDatabaseFactory$EmbeddedDataSourceProxy@4722b2bc']
	Database driver: undefined/unknown
	Database version: 2.3.232
	Autocommit mode: undefined/unknown
	Isolation level: undefined/unknown
	Minimum pool size: undefined/unknown
	Maximum pool size: undefined/unknown
2025-11-02T14:18:08.038+01:00  INFO 32466 --- [pricing-service] [main] o.h.e.t.j.p.i.JtaPlatformInitiator       : HHH000489: No JTA platform available (set 'hibernate.transaction.jta.platform' to enable JTA platform integration)
2025-11-02T14:18:08.039+01:00  INFO 32466 --- [pricing-service] [main] j.LocalContainerEntityManagerFactoryBean : Initialized JPA EntityManagerFactory for persistence unit 'default'
2025-11-02T14:18:08.052+01:00  INFO 32466 --- [pricing-service] [main] c.c.r.i.p.i.p.r.PriceRepositoryTest      : Started PriceRepositoryTest in 0.099 seconds (process running for 4.537)
2025-11-02T14:18:08.196+01:00  INFO 32466 --- [pricing-service] [SpringApplicationShutdownHook] j.LocalContainerEntityManagerFactoryBean : Closing JPA EntityManagerFactory for persistence unit 'default'
2025-11-02T14:18:08.196+01:00  INFO 32466 --- [pricing-service] [SpringApplicationShutdownHook] com.zaxxer.hikari.HikariDataSource       : HikariPool-1 - Shutdown initiated...
2025-11-02T14:18:08.197+01:00  INFO 32466 --- [pricing-service] [SpringApplicationShutdownHook] com.zaxxer.hikari.HikariDataSource       : HikariPool-1 - Shutdown completed.
2025-11-02T14:18:08.198+01:00  INFO 32466 --- [pricing-service] [SpringApplicationShutdownHook] j.LocalContainerEntityManagerFactoryBean : Closing JPA EntityManagerFactory for persistence unit 'default'
